# -------------------------------------------------------------------
bootstrap_0 running on host: batch4.summit.olcf.ornl.gov.
bootstrap_0 started as     : '/gpfs/alpine/scratch/mturilli1/csc343/radical.pilot.sandbox/rp.session.login3.mturilli1.018442.0012/bootstrap_0.sh -d radical.utils-1.4.0-v1.3.1-73-ga7accc7-devel.tar.gz:radical.saga-1.4.0-v1.4.0-10-ga942e0f-devel.tar.gz:radical.pilot-1.4.0-v1.4.0-48-gafbdfc3-devel.tar.gz -p pilot.0000 -s rp.session.login3.mturilli1.018442.0012 -m create -r local -b default -g default -v /gpfs/alpine/scratch/mturilli1/csc343/radical.pilot.sandbox/ve.ornl.summit_prte.1.4.0 -y 60 -e module unload xl -e module unload xalt -e module unload spectrum-mpi -e module load   gcc/8.1.1 -e module load   zeromq/4.2.5 -e module load   python/3.7.0 -e module load   py-pip/10.0.1-py3 -e module load   py-virtualenv/16.0.0 -e module load   py-setuptools/40.4.3-py3 -e module use    /sw/summit/ums/ompix/gcc/8.1.1/modules -e module load   prrte/1.0.0_devtiming -e export PRRTE_PREFIX=$PRRTE_DIR -w module unload xl -w module unload xalt -w module unload spectrum-mpi -w module load   gcc/8.1.1 -w module load   zeromq/4.2.5 -w module load   python/3.7.0 -w module load   py-pip/10.0.1-py3 -w module load   py-virtualenv/16.0.0 -w module load   py-setuptools/40.4.3-py3 -w module use    /sw/summit/ums/ompix/gcc/8.1.1/modules -w module load   prrte/1.0.0_devtiming -w export PRRTE_PREFIX=$PRRTE_DIR -w ulimit -u 65536'
safe environment of bootstrap_0
bootstrap_0 stderr redirected to stdout

# -------------------------------------------------------------------
#
# Running pre_bootstrap_0 command
# cmd: module unload xl
#

Inactive Modules:
  1) spectrum-mpi

Due to MODULEPATH changes, the following have been reloaded:
  1) zeromq/4.2.5

#
# SUCCESS
#
# -------------------------------------------------------------------

# -------------------------------------------------------------------
#
# Running pre_bootstrap_0 command
# cmd: module unload xalt
#
#
# SUCCESS
#
# -------------------------------------------------------------------

# -------------------------------------------------------------------
#
# Running pre_bootstrap_0 command
# cmd: module unload spectrum-mpi
#
#
# SUCCESS
#
# -------------------------------------------------------------------

# -------------------------------------------------------------------
#
# Running pre_bootstrap_0 command
# cmd: module load   gcc/8.1.1
#

Due to MODULEPATH changes, the following have been reloaded:
  1) zeromq/4.2.5

#
# SUCCESS
#
# -------------------------------------------------------------------

# -------------------------------------------------------------------
#
# Running pre_bootstrap_0 command
# cmd: module load   zeromq/4.2.5
#
#
# SUCCESS
#
# -------------------------------------------------------------------

# -------------------------------------------------------------------
#
# Running pre_bootstrap_0 command
# cmd: module load   python/3.7.0
#
#
# SUCCESS
#
# -------------------------------------------------------------------

# -------------------------------------------------------------------
#
# Running pre_bootstrap_0 command
# cmd: module load   py-pip/10.0.1-py3
#
#
# SUCCESS
#
# -------------------------------------------------------------------

# -------------------------------------------------------------------
#
# Running pre_bootstrap_0 command
# cmd: module load   py-virtualenv/16.0.0
#
#
# SUCCESS
#
# -------------------------------------------------------------------

# -------------------------------------------------------------------
#
# Running pre_bootstrap_0 command
# cmd: module load   py-setuptools/40.4.3-py3
#
#
# SUCCESS
#
# -------------------------------------------------------------------

# -------------------------------------------------------------------
#
# Running pre_bootstrap_0 command
# cmd: module use    /sw/summit/ums/ompix/gcc/8.1.1/modules
#
#
# SUCCESS
#
# -------------------------------------------------------------------

# -------------------------------------------------------------------
#
# Running pre_bootstrap_0 command
# cmd: module load   prrte/1.0.0_devtiming
#
#
# SUCCESS
#
# -------------------------------------------------------------------

# -------------------------------------------------------------------
#
# Running pre_bootstrap_0 command
# cmd: export PRRTE_PREFIX=$PRRTE_DIR
#
#
# SUCCESS
#
# -------------------------------------------------------------------
# -------------------------------------------------------------------
# Touching output tarballs
# -------------------------------------------------------------------
create gtod
0.0000,bootstrap_0_start,bootstrap_0,MainThread,pilot.0000,PMGR_ACTIVE_PENDING,
VIRTENV           : /gpfs/alpine/scratch/mturilli1/csc343/radical.pilot.sandbox/ve.ornl.summit_prte.1.4.0
VIRTENV normalized: /gpfs/alpine/csc343/scratch/mturilli1/radical.pilot.sandbox/ve.ornl.summit_prte.1.4.0
PYTHON            : /autofs/nccs-svm1_sw/summit/.swci/0-core/opt/spack/20180914/linux-rhel7-ppc64le/gcc-4.8.5/python-3.7.0-ei3mpdncii74xsn55t5kxpuc46i3oezn/bin/python
PYTHON_VERSION    : 3.7
PIP               : /autofs/nccs-svm1_sw/summit/.swci/0-core/opt/spack/20180914/linux-rhel7-ppc64le/gcc-4.8.5/python-3.7.0-ei3mpdncii74xsn55t5kxpuc46i3oezn/bin/python -m pip --cert /gpfs/alpine/scratch/mturilli1/csc343/radical.pilot.sandbox/rp.session.login3.mturilli1.018442.0012/pilot.0000/../cacert.pem
PIP version       : pip 10.0.1 from /autofs/nccs-svm1_sw/summit/.swci/0-core/opt/spack/20180914/linux-rhel7-ppc64le/gcc-4.8.5/py-pip-10.0.1-ppmoqmblkncxkfwytkqpu4afmqylywbj/lib/python3.7/site-packages/pip (python 3.7)
2.0000,ve_setup_start,bootstrap_0,MainThread,pilot.0000,PMGR_ACTIVE_PENDING,
virtenv_create    : TRUE
virtenv_update    : FALSE
rp install sources:  radical.utils-1.4.0-v1.3.1-73-ga7accc7-devel/ radical.saga-1.4.0-v1.4.0-10-ga942e0f-devel/ radical.pilot-1.4.0-v1.4.0-48-gafbdfc3-devel/
rp install target : SANDBOX
rp install lock   : FALSE
rp lock for virtenv create
obtained lock /gpfs/alpine/csc343/scratch/mturilli1/radical.pilot.sandbox/ve.ornl.summit_prte.1.4.0.lock
2.0000,ve_create_start,bootstrap_0,MainThread,pilot.0000,PMGR_ACTIVE_PENDING,

# -------------------------------------------------------------------
#
# Download virtualenv tgz
# cmd: curl -1 -k -L -O 'https://files.pythonhosted.org/packages/66/f0/6867af06d2e2f511e4e1d7094ff663acdebc4f15d4a0cb0fed1007395124/virtualenv-16.7.5.tar.gz'
#
  % Total    % Received % Xferd  Average Speed   Time    Time     Time  Current
                                 Dload  Upload   Total   Spent    Left  Speed
  0     0    0     0    0     0      0      0 --:--:-- --:--:-- --:--:--     0100 4992k  100 4992k    0     0  5931k      0 --:--:-- --:--:-- --:--:-- 5935k
#
# SUCCESS
#
# -------------------------------------------------------------------

# -------------------------------------------------------------------
#
# unpacking virtualenv tgz
# cmd: tar zxmf 'virtualenv-16.7.5.tar.gz'
#
#
# SUCCESS
#
# -------------------------------------------------------------------

# -------------------------------------------------------------------
#
# Create virtualenv
# cmd: /autofs/nccs-svm1_sw/summit/.swci/0-core/opt/spack/20180914/linux-rhel7-ppc64le/gcc-4.8.5/python-3.7.0-ei3mpdncii74xsn55t5kxpuc46i3oezn/bin/python virtualenv-16.7.5/virtualenv.py -p python3 /gpfs/alpine/csc343/scratch/mturilli1/radical.pilot.sandbox/ve.ornl.summit_prte.1.4.0
#
Already using interpreter /autofs/nccs-svm1_sw/summit/.swci/0-core/opt/spack/20180914/linux-rhel7-ppc64le/gcc-4.8.5/python-3.7.0-ei3mpdncii74xsn55t5kxpuc46i3oezn/bin/python3
Using base prefix '/autofs/nccs-svm1_sw/summit/.swci/0-core/opt/spack/20180914/linux-rhel7-ppc64le/gcc-4.8.5/python-3.7.0-ei3mpdncii74xsn55t5kxpuc46i3oezn'
New python executable in /gpfs/alpine/csc343/scratch/mturilli1/radical.pilot.sandbox/ve.ornl.summit_prte.1.4.0/bin/python3
Also creating executable in /gpfs/alpine/csc343/scratch/mturilli1/radical.pilot.sandbox/ve.ornl.summit_prte.1.4.0/bin/python
Installing setuptools, pip, wheel...
done.
Running virtualenv with interpreter /autofs/nccs-svm1_sw/summit/.swci/0-core/opt/spack/20180914/linux-rhel7-ppc64le/gcc-4.8.5/python-3.7.0-ei3mpdncii74xsn55t5kxpuc46i3oezn/bin/python3
#
# SUCCESS
#
# -------------------------------------------------------------------
10.0000,ve_activate_start,bootstrap_0,MainThread,pilot.0000,PMGR_ACTIVE_PENDING,
VIRTENV activated : /gpfs/alpine/csc343/scratch/mturilli1/radical.pilot.sandbox/ve.ornl.summit_prte.1.4.0
RP_PATH           : /gpfs/alpine/csc343/scratch/mturilli1/radical.pilot.sandbox/ve.ornl.summit_prte.1.4.0/bin
PYTHON            : /gpfs/alpine/csc343/scratch/mturilli1/radical.pilot.sandbox/ve.ornl.summit_prte.1.4.0/bin/python
PYTHON_VERSION    : 3.7
PIP               : /gpfs/alpine/csc343/scratch/mturilli1/radical.pilot.sandbox/ve.ornl.summit_prte.1.4.0/bin/python -m pip --cert /gpfs/alpine/scratch/mturilli1/csc343/radical.pilot.sandbox/rp.session.login3.mturilli1.018442.0012/pilot.0000/../cacert.pem
PIP version       : pip 10.0.1 from /autofs/nccs-svm1_sw/summit/.swci/0-core/opt/spack/20180914/linux-rhel7-ppc64le/gcc-4.8.5/py-pip-10.0.1-ppmoqmblkncxkfwytkqpu4afmqylywbj/lib/python3.7/site-packages/pip (python 3.7)
VE_MOD_PREFIX init: /gpfs/alpine/csc343/scratch/mturilli1/radical.pilot.sandbox/ve.ornl.summit_prte.1.4.0/lib/python3.7/site-packages
VE_MOD_PREFIX     : /gpfs/alpine/csc343/scratch/mturilli1/radical.pilot.sandbox/ve.ornl.summit_prte.1.4.0/lib/python3.7/site-packages
RP_MOD_PREFIX     : /gpfs/alpine/csc343/scratch/mturilli1/radical.pilot.sandbox/ve.ornl.summit_prte.1.4.0/rp_install/lib/python3.7/site-packages
VE_PYTHONPATH     : /autofs/nccs-svm1_sw/summit/.swci/0-core/opt/spack/20180914/linux-rhel7-ppc64le/gcc-4.8.5/py-setuptools-40.4.3-xynpmbuwujfkcw52tegkndot6jj5bye5/lib/python3.7/site-packages:/autofs/nccs-svm1_sw/summit/.swci/0-core/opt/spack/20180914/linux-rhel7-ppc64le/gcc-4.8.5/py-virtualenv-16.0.0-ohsvxc5mf4aornhyrfp4ecea5bzcowon/lib/python2.7/site-packages:/autofs/nccs-svm1_sw/summit/.swci/0-core/opt/spack/20180914/linux-rhel7-ppc64le/gcc-4.8.5/py-pip-10.0.1-ppmoqmblkncxkfwytkqpu4afmqylywbj/lib/python3.7/site-packages
11.0000,ve_activate_stop,bootstrap_0,MainThread,pilot.0000,PMGR_ACTIVE_PENDING,
PYTHON            : /gpfs/alpine/csc343/scratch/mturilli1/radical.pilot.sandbox/ve.ornl.summit_prte.1.4.0/bin/python
PYTHON_VERSION    : 3.7
PIP               : /gpfs/alpine/csc343/scratch/mturilli1/radical.pilot.sandbox/ve.ornl.summit_prte.1.4.0/bin/python -m pip --cert /gpfs/alpine/scratch/mturilli1/csc343/radical.pilot.sandbox/rp.session.login3.mturilli1.018442.0012/pilot.0000/../cacert.pem
PIP version       : pip 20.1.1 from /gpfs/alpine/csc343/scratch/mturilli1/radical.pilot.sandbox/ve.ornl.summit_prte.1.4.0/lib/python3.7/site-packages/pip (python 3.7)

# -------------------------------------------------------------------
#
# install pymongo
# cmd: /gpfs/alpine/csc343/scratch/mturilli1/radical.pilot.sandbox/ve.ornl.summit_prte.1.4.0/bin/python -m pip --cert /gpfs/alpine/scratch/mturilli1/csc343/radical.pilot.sandbox/rp.session.login3.mturilli1.018442.0012/pilot.0000/../cacert.pem --no-cache-dir install --no-build-isolation pymongo
#
Collecting pymongo
  Downloading pymongo-3.10.1-cp37-cp37m-manylinux2014_ppc64le.whl (470 kB)
Installing collected packages: pymongo
Successfully installed pymongo-3.10.1
#
# SUCCESS
#
# -------------------------------------------------------------------

# -------------------------------------------------------------------
#
# install colorama
# cmd: /gpfs/alpine/csc343/scratch/mturilli1/radical.pilot.sandbox/ve.ornl.summit_prte.1.4.0/bin/python -m pip --cert /gpfs/alpine/scratch/mturilli1/csc343/radical.pilot.sandbox/rp.session.login3.mturilli1.018442.0012/pilot.0000/../cacert.pem --no-cache-dir install --no-build-isolation colorama
#
Collecting colorama
  Downloading colorama-0.4.3-py2.py3-none-any.whl (15 kB)
Installing collected packages: colorama
Successfully installed colorama-0.4.3
#
# SUCCESS
#
# -------------------------------------------------------------------

# -------------------------------------------------------------------
#
# install python-hostlist
# cmd: /gpfs/alpine/csc343/scratch/mturilli1/radical.pilot.sandbox/ve.ornl.summit_prte.1.4.0/bin/python -m pip --cert /gpfs/alpine/scratch/mturilli1/csc343/radical.pilot.sandbox/rp.session.login3.mturilli1.018442.0012/pilot.0000/../cacert.pem --no-cache-dir install --no-build-isolation python-hostlist
#
Collecting python-hostlist
  Downloading python-hostlist-1.20.tar.gz (35 kB)
Building wheels for collected packages: python-hostlist
  Building wheel for python-hostlist (setup.py): started
  Building wheel for python-hostlist (setup.py): finished with status 'done'
  Created wheel for python-hostlist: filename=python_hostlist-1.20-py3-none-any.whl size=38932 sha256=ae12a414b796e6e7c4c00a6067921780d37820646a9293eca781f1066eb07f0d
  Stored in directory: /tmp/pip-ephem-wheel-cache-q1sn4bsa/wheels/d9/56/ef/f743ad3945b23770c2dc8c0608b83dca0428d33b47bf72643d
Successfully built python-hostlist
Installing collected packages: python-hostlist
Successfully installed python-hostlist-1.20
#
# SUCCESS
#
# -------------------------------------------------------------------

# -------------------------------------------------------------------
#
# install ntplib
# cmd: /gpfs/alpine/csc343/scratch/mturilli1/radical.pilot.sandbox/ve.ornl.summit_prte.1.4.0/bin/python -m pip --cert /gpfs/alpine/scratch/mturilli1/csc343/radical.pilot.sandbox/rp.session.login3.mturilli1.018442.0012/pilot.0000/../cacert.pem --no-cache-dir install --no-build-isolation ntplib
#
Collecting ntplib
  Downloading ntplib-0.3.4-py3-none-any.whl (5.9 kB)
Installing collected packages: ntplib
Successfully installed ntplib-0.3.4
#
# SUCCESS
#
# -------------------------------------------------------------------

# -------------------------------------------------------------------
#
# install pyzmq
# cmd: /gpfs/alpine/csc343/scratch/mturilli1/radical.pilot.sandbox/ve.ornl.summit_prte.1.4.0/bin/python -m pip --cert /gpfs/alpine/scratch/mturilli1/csc343/radical.pilot.sandbox/rp.session.login3.mturilli1.018442.0012/pilot.0000/../cacert.pem --no-cache-dir install --no-build-isolation pyzmq
#
Collecting pyzmq
  Downloading pyzmq-19.0.1.tar.gz (1.2 MB)
Building wheels for collected packages: pyzmq
  Building wheel for pyzmq (setup.py): started
  Building wheel for pyzmq (setup.py): finished with status 'done'
  Created wheel for pyzmq: filename=pyzmq-19.0.1-cp37-cp37m-linux_ppc64le.whl size=1210702 sha256=658ec1798fcb0951dbcab1bc41161ec1f24640386c471c883e74ffdae4796472
  Stored in directory: /tmp/pip-ephem-wheel-cache-iqzk28hi/wheels/dc/a0/0a/1988d2c4d1a4c38b04b3852904be2e283cf42948537ee655e8
Successfully built pyzmq
Installing collected packages: pyzmq
Successfully installed pyzmq-19.0.1
#
# SUCCESS
#
# -------------------------------------------------------------------

# -------------------------------------------------------------------
#
# install netifaces
# cmd: /gpfs/alpine/csc343/scratch/mturilli1/radical.pilot.sandbox/ve.ornl.summit_prte.1.4.0/bin/python -m pip --cert /gpfs/alpine/scratch/mturilli1/csc343/radical.pilot.sandbox/rp.session.login3.mturilli1.018442.0012/pilot.0000/../cacert.pem --no-cache-dir install --no-build-isolation netifaces
#
Collecting netifaces
  Downloading netifaces-0.10.9.tar.gz (28 kB)
Building wheels for collected packages: netifaces
  Building wheel for netifaces (setup.py): started
  Building wheel for netifaces (setup.py): finished with status 'done'
  Created wheel for netifaces: filename=netifaces-0.10.9-cp37-cp37m-linux_ppc64le.whl size=33497 sha256=ab491b3b5d686abfbbafac8b14f60a28b775a6333bcf57938270f628bce92657
  Stored in directory: /tmp/pip-ephem-wheel-cache-oio2afb4/wheels/5f/09/cf/2b1aa8371c071fa89518ac0bbda1b8cca4e65b6e2538af4192
Successfully built netifaces
Installing collected packages: netifaces
Successfully installed netifaces-0.10.9
#
# SUCCESS
#
# -------------------------------------------------------------------

# -------------------------------------------------------------------
#
# install setproctitle
# cmd: /gpfs/alpine/csc343/scratch/mturilli1/radical.pilot.sandbox/ve.ornl.summit_prte.1.4.0/bin/python -m pip --cert /gpfs/alpine/scratch/mturilli1/csc343/radical.pilot.sandbox/rp.session.login3.mturilli1.018442.0012/pilot.0000/../cacert.pem --no-cache-dir install --no-build-isolation setproctitle
#
Collecting setproctitle
  Downloading setproctitle-1.1.10.tar.gz (24 kB)
Building wheels for collected packages: setproctitle
  Building wheel for setproctitle (setup.py): started
  Building wheel for setproctitle (setup.py): finished with status 'done'
  Created wheel for setproctitle: filename=setproctitle-1.1.10-cp37-cp37m-linux_ppc64le.whl size=26731 sha256=66344f6f547a3ae918b519eaf1d8eb6dd87cf87307034857bd52c75b27074b82
  Stored in directory: /tmp/pip-ephem-wheel-cache-w7wrrb5j/wheels/02/79/9a/ad2d16e975ac2a43458abc7f87089779308c3018f92bff11b4
Successfully built setproctitle
Installing collected packages: setproctitle
Successfully installed setproctitle-1.1.10
#
# SUCCESS
#
# -------------------------------------------------------------------

# -------------------------------------------------------------------
#
# install msgpack
# cmd: /gpfs/alpine/csc343/scratch/mturilli1/radical.pilot.sandbox/ve.ornl.summit_prte.1.4.0/bin/python -m pip --cert /gpfs/alpine/scratch/mturilli1/csc343/radical.pilot.sandbox/rp.session.login3.mturilli1.018442.0012/pilot.0000/../cacert.pem --no-cache-dir install --no-build-isolation msgpack
#
Collecting msgpack
  Downloading msgpack-1.0.0.tar.gz (232 kB)
Building wheels for collected packages: msgpack
  Building wheel for msgpack (setup.py): started
  Building wheel for msgpack (setup.py): finished with status 'done'
  Created wheel for msgpack: filename=msgpack-1.0.0-cp37-cp37m-linux_ppc64le.whl size=244426 sha256=ca4b966a9973ec607c3732573b7ebe239ae8d75df66e872ab569b374538157b3
  Stored in directory: /tmp/pip-ephem-wheel-cache-vgy_o9ud/wheels/6b/f9/4e/2e80ac9d6632ac56099e51e11232096a9306243478e0f6d8c6
Successfully built msgpack
Installing collected packages: msgpack
Successfully installed msgpack-1.0.0
#
# SUCCESS
#
# -------------------------------------------------------------------

# -------------------------------------------------------------------
#
# install future
# cmd: /gpfs/alpine/csc343/scratch/mturilli1/radical.pilot.sandbox/ve.ornl.summit_prte.1.4.0/bin/python -m pip --cert /gpfs/alpine/scratch/mturilli1/csc343/radical.pilot.sandbox/rp.session.login3.mturilli1.018442.0012/pilot.0000/../cacert.pem --no-cache-dir install --no-build-isolation future
#
Collecting future
  Downloading future-0.18.2.tar.gz (829 kB)
Building wheels for collected packages: future
  Building wheel for future (setup.py): started
  Building wheel for future (setup.py): finished with status 'done'
  Created wheel for future: filename=future-0.18.2-py3-none-any.whl size=491058 sha256=70f4cf18d73cc7ca5594b51135d1dc302647eb287e60676e1acdad293eb3a031
  Stored in directory: /tmp/pip-ephem-wheel-cache-stptnfs7/wheels/56/b0/fe/4410d17b32f1f0c3cf54cdfb2bc04d7b4b8f4ae377e2229ba0
Successfully built future
Installing collected packages: future
Successfully installed future-0.18.2
#
# SUCCESS
#
# -------------------------------------------------------------------

# -------------------------------------------------------------------
#
# install regex
# cmd: /gpfs/alpine/csc343/scratch/mturilli1/radical.pilot.sandbox/ve.ornl.summit_prte.1.4.0/bin/python -m pip --cert /gpfs/alpine/scratch/mturilli1/csc343/radical.pilot.sandbox/rp.session.login3.mturilli1.018442.0012/pilot.0000/../cacert.pem --no-cache-dir install --no-build-isolation regex
#
Collecting regex
  Downloading regex-2020.6.8.tar.gz (690 kB)
Building wheels for collected packages: regex
  Building wheel for regex (setup.py): started
  Building wheel for regex (setup.py): finished with status 'done'
  Created wheel for regex: filename=regex-2020.6.8-cp37-cp37m-linux_ppc64le.whl size=611768 sha256=24d92b1d770d195ef2e543d64320f35dae57aa780a204387fdff16cf58e1e1f2
  Stored in directory: /tmp/pip-ephem-wheel-cache-a_gw5bv_/wheels/46/f1/0b/a372e98f7103934a3573301c71b475143baf8ba6f6dffc876c
Successfully built regex
Installing collected packages: regex
Successfully installed regex-2020.6.8
#
# SUCCESS
#
# -------------------------------------------------------------------

# -------------------------------------------------------------------
#
# install munch
# cmd: /gpfs/alpine/csc343/scratch/mturilli1/radical.pilot.sandbox/ve.ornl.summit_prte.1.4.0/bin/python -m pip --cert /gpfs/alpine/scratch/mturilli1/csc343/radical.pilot.sandbox/rp.session.login3.mturilli1.018442.0012/pilot.0000/../cacert.pem --no-cache-dir install --no-build-isolation munch
#
Collecting munch
  Downloading munch-2.5.0-py2.py3-none-any.whl (10 kB)
Collecting six
  Downloading six-1.15.0-py2.py3-none-any.whl (10 kB)
Installing collected packages: six, munch
Successfully installed munch-2.5.0 six-1.15.0
#
# SUCCESS
#
# -------------------------------------------------------------------
71.0000,ve_create_stop,bootstrap_0,MainThread,pilot.0000,PMGR_ACTIVE_PENDING,
removed '/gpfs/alpine/csc343/scratch/mturilli1/radical.pilot.sandbox/ve.ornl.summit_prte.1.4.0.lock'
do not update virtenv /gpfs/alpine/csc343/scratch/mturilli1/radical.pilot.sandbox/ve.ornl.summit_prte.1.4.0
71.0000,rp_install_start,bootstrap_0,MainThread,pilot.0000,PMGR_ACTIVE_PENDING,
Using RADICAL-Pilot install sources ' radical.utils-1.4.0-v1.3.1-73-ga7accc7-devel/ radical.saga-1.4.0-v1.4.0-10-ga942e0f-devel/ radical.pilot-1.4.0-v1.4.0-48-gafbdfc3-devel/'
VE_MOD_PREFIX     : /gpfs/alpine/csc343/scratch/mturilli1/radical.pilot.sandbox/ve.ornl.summit_prte.1.4.0/lib/python3.7/site-packages
VIRTENV           : /gpfs/alpine/csc343/scratch/mturilli1/radical.pilot.sandbox/ve.ornl.summit_prte.1.4.0
SANDBOX           : /gpfs/alpine/scratch/mturilli1/csc343/radical.pilot.sandbox/rp.session.login3.mturilli1.018442.0012/pilot.0000
VE_LOC_PREFIX     : 
using local install tree
PYTHONPATH        : /gpfs/alpine/scratch/mturilli1/csc343/radical.pilot.sandbox/rp.session.login3.mturilli1.018442.0012/pilot.0000/rp_install/lib/python3.7/site-packages::/autofs/nccs-svm1_sw/summit/.swci/0-core/opt/spack/20180914/linux-rhel7-ppc64le/gcc-4.8.5/py-setuptools-40.4.3-xynpmbuwujfkcw52tegkndot6jj5bye5/lib/python3.7/site-packages:/autofs/nccs-svm1_sw/summit/.swci/0-core/opt/spack/20180914/linux-rhel7-ppc64le/gcc-4.8.5/py-virtualenv-16.0.0-ohsvxc5mf4aornhyrfp4ecea5bzcowon/lib/python2.7/site-packages:/autofs/nccs-svm1_sw/summit/.swci/0-core/opt/spack/20180914/linux-rhel7-ppc64le/gcc-4.8.5/py-pip-10.0.1-ppmoqmblkncxkfwytkqpu4afmqylywbj/lib/python3.7/site-packages
RP_LOC_PREFIX     : /gpfs/alpine/scratch/mturilli1/csc343/radical.pilot.sandbox/rp.session.login3.mturilli1.018442.0012/pilot.0000/rp_install/lib/python3.7/site-packages
RADICAL_MOD_PREFIX: /gpfs/alpine/scratch/mturilli1/csc343/radical.pilot.sandbox/rp.session.login3.mturilli1.018442.0012/pilot.0000/rp_install/lib/python3.7/site-packages/radical/

# -------------------------------------------------------------------
#
# update radical.utils-1.4.0-v1.3.1-73-ga7accc7-devel/ via pip
# cmd: /gpfs/alpine/csc343/scratch/mturilli1/radical.pilot.sandbox/ve.ornl.summit_prte.1.4.0/bin/python -m pip --cert /gpfs/alpine/scratch/mturilli1/csc343/radical.pilot.sandbox/rp.session.login3.mturilli1.018442.0012/pilot.0000/../cacert.pem install  --src '/gpfs/alpine/scratch/mturilli1/csc343/radical.pilot.sandbox/rp.session.login3.mturilli1.018442.0012/pilot.0000/rp_install/src' --build '/gpfs/alpine/scratch/mturilli1/csc343/radical.pilot.sandbox/rp.session.login3.mturilli1.018442.0012/pilot.0000/rp_install/build' --install-option='--prefix=/gpfs/alpine/scratch/mturilli1/csc343/radical.pilot.sandbox/rp.session.login3.mturilli1.018442.0012/pilot.0000/rp_install' --no-deps --no-cache-dir --no-build-isolation radical.utils-1.4.0-v1.3.1-73-ga7accc7-devel/
#
Processing ./radical.utils-1.4.0-v1.3.1-73-ga7accc7-devel
Installing collected packages: radical.utils
  Running setup.py install for radical.utils: started
    Running setup.py install for radical.utils: finished with status 'done'
Successfully installed radical.utils
/autofs/nccs-svm1_sw/summit/.swci/0-core/opt/spack/20180914/linux-rhel7-ppc64le/gcc-4.8.5/py-pip-10.0.1-ppmoqmblkncxkfwytkqpu4afmqylywbj/lib/python3.7/site-packages/pip/_internal/commands/install.py:199: UserWarning: Disabling all use of wheels due to the use of --build-options / --global-options / --install-options.
  cmdoptions.check_install_build_global(options)
You are using pip version 10.0.1, however version 20.2b1 is available.
You should consider upgrading via the 'pip install --upgrade pip' command.
#
# SUCCESS
#
# -------------------------------------------------------------------
purge install source at radical.utils-1.4.0-v1.3.1-73-ga7accc7-devel/

# -------------------------------------------------------------------
#
# update radical.saga-1.4.0-v1.4.0-10-ga942e0f-devel/ via pip
# cmd: /gpfs/alpine/csc343/scratch/mturilli1/radical.pilot.sandbox/ve.ornl.summit_prte.1.4.0/bin/python -m pip --cert /gpfs/alpine/scratch/mturilli1/csc343/radical.pilot.sandbox/rp.session.login3.mturilli1.018442.0012/pilot.0000/../cacert.pem install  --src '/gpfs/alpine/scratch/mturilli1/csc343/radical.pilot.sandbox/rp.session.login3.mturilli1.018442.0012/pilot.0000/rp_install/src' --build '/gpfs/alpine/scratch/mturilli1/csc343/radical.pilot.sandbox/rp.session.login3.mturilli1.018442.0012/pilot.0000/rp_install/build' --install-option='--prefix=/gpfs/alpine/scratch/mturilli1/csc343/radical.pilot.sandbox/rp.session.login3.mturilli1.018442.0012/pilot.0000/rp_install' --no-deps --no-cache-dir --no-build-isolation radical.saga-1.4.0-v1.4.0-10-ga942e0f-devel/
#
Processing ./radical.saga-1.4.0-v1.4.0-10-ga942e0f-devel
Installing collected packages: radical.saga
  Running setup.py install for radical.saga: started
    Running setup.py install for radical.saga: finished with status 'done'
Successfully installed radical.saga
/autofs/nccs-svm1_sw/summit/.swci/0-core/opt/spack/20180914/linux-rhel7-ppc64le/gcc-4.8.5/py-pip-10.0.1-ppmoqmblkncxkfwytkqpu4afmqylywbj/lib/python3.7/site-packages/pip/_internal/commands/install.py:199: UserWarning: Disabling all use of wheels due to the use of --build-options / --global-options / --install-options.
  cmdoptions.check_install_build_global(options)
You are using pip version 10.0.1, however version 20.2b1 is available.
You should consider upgrading via the 'pip install --upgrade pip' command.
#
# SUCCESS
#
# -------------------------------------------------------------------
purge install source at radical.saga-1.4.0-v1.4.0-10-ga942e0f-devel/

# -------------------------------------------------------------------
#
# update radical.pilot-1.4.0-v1.4.0-48-gafbdfc3-devel/ via pip
# cmd: /gpfs/alpine/csc343/scratch/mturilli1/radical.pilot.sandbox/ve.ornl.summit_prte.1.4.0/bin/python -m pip --cert /gpfs/alpine/scratch/mturilli1/csc343/radical.pilot.sandbox/rp.session.login3.mturilli1.018442.0012/pilot.0000/../cacert.pem install  --src '/gpfs/alpine/scratch/mturilli1/csc343/radical.pilot.sandbox/rp.session.login3.mturilli1.018442.0012/pilot.0000/rp_install/src' --build '/gpfs/alpine/scratch/mturilli1/csc343/radical.pilot.sandbox/rp.session.login3.mturilli1.018442.0012/pilot.0000/rp_install/build' --install-option='--prefix=/gpfs/alpine/scratch/mturilli1/csc343/radical.pilot.sandbox/rp.session.login3.mturilli1.018442.0012/pilot.0000/rp_install' --no-deps --no-cache-dir --no-build-isolation radical.pilot-1.4.0-v1.4.0-48-gafbdfc3-devel/
#
Processing ./radical.pilot-1.4.0-v1.4.0-48-gafbdfc3-devel
Installing collected packages: radical.pilot
  Running setup.py install for radical.pilot: started
    Running setup.py install for radical.pilot: finished with status 'done'
Successfully installed radical.pilot
/autofs/nccs-svm1_sw/summit/.swci/0-core/opt/spack/20180914/linux-rhel7-ppc64le/gcc-4.8.5/py-pip-10.0.1-ppmoqmblkncxkfwytkqpu4afmqylywbj/lib/python3.7/site-packages/pip/_internal/commands/install.py:199: UserWarning: Disabling all use of wheels due to the use of --build-options / --global-options / --install-options.
  cmdoptions.check_install_build_global(options)
You are using pip version 10.0.1, however version 20.2b1 is available.
You should consider upgrading via the 'pip install --upgrade pip' command.
#
# SUCCESS
#
# -------------------------------------------------------------------
purge install source at radical.pilot-1.4.0-v1.4.0-48-gafbdfc3-devel/
84.0000,rp_install_stop,bootstrap_0,MainThread,pilot.0000,PMGR_ACTIVE_PENDING,
84.0000,ve_setup_stop,bootstrap_0,MainThread,pilot.0000,PMGR_ACTIVE_PENDING,
verify python viability: /gpfs/alpine/csc343/scratch/mturilli1/radical.pilot.sandbox/ve.ornl.summit_prte.1.4.0/bin/python ... ok
verify module viability: radical.pilot   ... ok
verify module viability: radical.saga    ... ok
verify module viability: radical.utils   ... ok
verify module viability: pymongo         ... ok
verify module viability: colorama        ... ok
verify module viability: hostlist        ... ok
verify module viability: ntplib          ... ok
verify module viability: zmq             ... ok
verify module viability: netifaces       ... ok
verify module viability: setproctitle    ... ok
verify module viability: msgpack         ... ok
verify module viability: future          ... ok
verify module viability: regex           ... ok

---------------------------------------------------------------------

Python 3.7.0 (default, Oct 12 2018, 15:17:16) 
[GCC 4.8.5 20150623 (Red Hat 4.8.5-28)] (/gpfs/alpine/csc343/scratch/mturilli1/radical.pilot.sandbox/ve.ornl.summit_prte.1.4.0/bin/python)
PYTHONPATH: /gpfs/alpine/scratch/mturilli1/csc343/radical.pilot.sandbox/rp.session.login3.mturilli1.018442.0012/pilot.0000/rp_install/lib/python3.7/site-packages::/autofs/nccs-svm1_sw/summit/.swci/0-core/opt/spack/20180914/linux-rhel7-ppc64le/gcc-4.8.5/py-setuptools-40.4.3-xynpmbuwujfkcw52tegkndot6jj5bye5/lib/python3.7/site-packages:/autofs/nccs-svm1_sw/summit/.swci/0-core/opt/spack/20180914/linux-rhel7-ppc64le/gcc-4.8.5/py-virtualenv-16.0.0-ohsvxc5mf4aornhyrfp4ecea5bzcowon/lib/python2.7/site-packages:/autofs/nccs-svm1_sw/summit/.swci/0-core/opt/spack/20180914/linux-rhel7-ppc64le/gcc-4.8.5/py-pip-10.0.1-ppmoqmblkncxkfwytkqpu4afmqylywbj/lib/python3.7/site-packages

  python               : 3.7.0
  pythonpath           : /gpfs/alpine/scratch/mturilli1/csc343/radical.pilot.sandbox/rp.session.login3.mturilli1.018442.0012/pilot.0000/rp_install/lib/python3.7/site-packages::/autofs/nccs-svm1_sw/summit/.swci/0-core/opt/spack/20180914/linux-rhel7-ppc64le/gcc-4.8.5/py-setuptools-40.4.3-xynpmbuwujfkcw52tegkndot6jj5bye5/lib/python3.7/site-packages:/autofs/nccs-svm1_sw/summit/.swci/0-core/opt/spack/20180914/linux-rhel7-ppc64le/gcc-4.8.5/py-virtualenv-16.0.0-ohsvxc5mf4aornhyrfp4ecea5bzcowon/lib/python2.7/site-packages:/autofs/nccs-svm1_sw/summit/.swci/0-core/opt/spack/20180914/linux-rhel7-ppc64le/gcc-4.8.5/py-pip-10.0.1-ppmoqmblkncxkfwytkqpu4afmqylywbj/lib/python3.7/site-packages
  virtualenv           : /gpfs/alpine/csc343/scratch/mturilli1/radical.pilot.sandbox/ve.ornl.summit_prte.1.4.0

  radical.pilot        : 1.4.0-v1.4.0-48-gafbdfc3@devel
  radical.saga         : 1.4.0-v1.4.0-10-ga942e0f@devel
  radical.utils        : 1.4.0-v1.3.1-73-ga7accc7@devel

RU: 1.4.0-v1.3.1-73-ga7accc7@devel /gpfs/alpine/scratch/mturilli1/csc343/radical.pilot.sandbox/rp.session.login3.mturilli1.018442.0012/pilot.0000/rp_install/lib/python3.7/site-packages/radical/utils/__init__.py
RS: 1.4.0-v1.4.0-10-ga942e0f@devel /gpfs/alpine/scratch/mturilli1/csc343/radical.pilot.sandbox/rp.session.login3.mturilli1.018442.0012/pilot.0000/rp_install/lib/python3.7/site-packages/radical/saga/__init__.py
RP: 1.4.0-v1.4.0-48-gafbdfc3@devel /gpfs/alpine/scratch/mturilli1/csc343/radical.pilot.sandbox/rp.session.login3.mturilli1.018442.0012/pilot.0000/rp_install/lib/python3.7/site-packages/radical/pilot/__init__.py
install ok!

---------------------------------------------------------------------


# -------------------------------------------------------------------
# Launching radical-pilot-agent 
# CMDLINE: /gpfs/alpine/csc343/scratch/mturilli1/radical.pilot.sandbox/ve.ornl.summit_prte.1.4.0/bin/python /gpfs/alpine/scratch/mturilli1/csc343/radical.pilot.sandbox/rp.session.login3.mturilli1.018442.0012/pilot.0000/rp_install/bin/radical-pilot-agent
ntphost: 46.101.140.169
ping: socket: Operation not permitted
which: no conda in (/gpfs/alpine/scratch/mturilli1/csc343/radical.pilot.sandbox/rp.session.login3.mturilli1.018442.0012/pilot.0000/rp_install/bin:/gpfs/alpine/csc343/scratch/mturilli1/radical.pilot.sandbox/ve.ornl.summit_prte.1.4.0/bin:/gpfs/alpine/csc343/scratch/mturilli1/radical.pilot.sandbox/ve.ornl.summit_prte.1.4.0/bin:/sw/sources/lsf-tools/2.0/summit/bin:/sw/summit/ums/ompix/gcc/8.1.1/install/prrte-dev-withtimings/bin:/autofs/nccs-svm1_sw/summit/.swci/0-core/opt/spack/20180914/linux-rhel7-ppc64le/gcc-4.8.5/py-setuptools-40.4.3-xynpmbuwujfkcw52tegkndot6jj5bye5/bin:/autofs/nccs-svm1_sw/summit/.swci/0-core/opt/spack/20180914/linux-rhel7-ppc64le/gcc-4.8.5/py-virtualenv-16.0.0-ohsvxc5mf4aornhyrfp4ecea5bzcowon/bin:/autofs/nccs-svm1_sw/summit/.swci/0-core/opt/spack/20180914/linux-rhel7-ppc64le/gcc-4.8.5/py-pip-10.0.1-ppmoqmblkncxkfwytkqpu4afmqylywbj/bin:/autofs/nccs-svm1_sw/summit/.swci/0-core/opt/spack/20180914/linux-rhel7-ppc64le/gcc-4.8.5/python-3.7.0-ei3mpdncii74xsn55t5kxpuc46i3oezn/bin:/autofs/nccs-svm1_sw/summit/.swci/1-compute/opt/spack/20180914/linux-rhel7-ppc64le/gcc-8.1.1/zeromq-4.2.5-7rfblal2q7klw76ot57stcrasifjddzo/bin:/sw/summit/gcc/8.1.1/bin:/usr/bin:/usr/sbin:/opt/ibm/csm/bin:/opt/ibm/spectrumcomputing/lsf/10.1.0.9/linux3.10-glibc2.17-ppc64le-csm/bin:/ccs/home/mturilli1/ve/prrte-paper2/bin:/autofs/nccs-svm1_sw/summit/.swci/0-core/opt/spack/20180914/linux-rhel7-ppc64le/gcc-4.8.5/tmux-2.2-z2cgytxdo3rzw643uj2fiwp7iwqbbbwp/bin:/autofs/nccs-svm1_sw/summit/.swci/0-core/opt/spack/20180914/linux-rhel7-ppc64le/gcc-4.8.5/vim-8.1.0338-shbim6fc5yqhqcv6ewywvtbjc6o2fcuo/bin:/autofs/nccs-svm1_sw/summit/.swci/1-compute/opt/spack/20180914/linux-rhel7-ppc64le/gcc-4.8.5/darshan-runtime-3.1.7-cnvxicgf5j4ap64qi6v5gxp67hmrjz43/bin:/sw/sources/hpss/bin:/opt/ibm/spectrumcomputing/lsf/10.1.0.9/linux3.10-glibc2.17-ppc64le-csm/etc:/usr/local/bin:/usr/local/sbin:/opt/ibm/flightlog/bin:/opt/ibutils/bin:/opt/ibm/spectrum_mpi/jsm_pmix/bin:/opt/puppetlabs/bin:/usr/lpp/mmfs/bin)
89.0000,sync_rel,bootstrap_0,MainThread,pilot.0000,PMGR_ACTIVE_PENDING,agent.0
.................140.0000,killme,bootstrap_0,MainThread,pilot.0000,PMGR_ACTIVE_PENDING,2020-06-29 19:49:23.575
140.0000,sigterm,bootstrap_0,MainThread,pilot.0000,PMGR_ACTIVE_PENDING,2020-06-29 19:49:23.591
send SIGTERM to 94516 (84876)
COND start 'kill -0  94516' (I: 1 T: 30)
/gpfs/alpine/scratch/mturilli1/csc343/radical.pilot.sandbox/rp.session.login3.mturilli1.018442.0012/bootstrap_0.sh: line 291: 94516 Terminated              ./bootstrap_2.sh 'agent.0' > agent.0.bootstrap_2.out 2> agent.0.bootstrap_2.err
/gpfs/alpine/scratch/mturilli1/csc343/radical.pilot.sandbox/rp.session.login3.mturilli1.018442.0012/bootstrap_0.sh: line 304: kill: (94516) - No such process
COND failed (1)
agent 94516 is final
agent 94516 is final (143)
141.0000,agent_final,bootstrap_0,MainThread,pilot.0000,PMGR_ACTIVE_PENDING,94516:143 2020-06-29 19:49:24.618

# -------------------------------------------------------------------
# CLEANUP: 
#
141.0000,cleanup_start,bootstrap_0,MainThread,pilot.0000,PMGR_ACTIVE_PENDING,
141.0000,cleanup_stop,bootstrap_0,MainThread,pilot.0000,PMGR_ACTIVE_PENDING,
#
# -------------------------------------------------------------------

# -------------------------------------------------------------------
#
# Mark final profiling entry ...
141.0000,bootstrap_0_stop,bootstrap_0,MainThread,pilot.0000,PMGR_ACTIVE_PENDING,
141.0000,END,bootstrap_0,MainThread,pilot.0000,PMGR_ACTIVE_PENDING,
#
# -------------------------------------------------------------------

# -------------------------------------------------------------------
#
# We wait for some seconds for the FS to flush profiles.
# Success is assumed when all profiles end with a 'END' event.
#
# -------------------------------------------------------------------
delay profile sync @ 1: 36 != 7
delay profile sync @ 2: 36 != 7
delay profile sync @ 3: 36 != 7
delay profile sync @ 4: 36 != 7
abort profile sync @ 5: 36 != 7
nprofs 36 =? nend 7
Mon Jun 29 19:49:28 EDT 2020

# -------------------------------------------------------------------
#
# Tarring profiles ...
-rw-rw-r-- 1 mturilli1 mturilli1 8274 Jun 29 19:49 pilot.0000.prof.tgz
#
# -------------------------------------------------------------------

# -------------------------------------------------------------------
#
# Tarring logfiles ...
